<?xml version="1.0" encoding="UTF-8"?>
<!-- Generated by org.testng.reporters.JUnitXMLReporter -->
<testsuite hostname="Ilhans-MBP.fios-router.home" ignored="0" name="hub spot Sanity Test" tests="4" failures="1" timestamp="12 Oct 2019 21:17:37 GMT" time="33.968" errors="0">
  <testcase name="loginTest" time="4.627" classname="com.hubspot.tests.LoginTest"/>
  <testcase name="loginTest1" time="0.517" classname="com.hubspot.tests.LoginTest"/>
  <testcase name="loginTest2" time="0.519" classname="com.hubspot.tests.LoginTest"/>
  <testcase name="loginPageTitleTest" time="0.016" classname="com.hubspot.tests.LoginTest">
    <failure type="java.lang.AssertionError" message="HubSpot Login expected:&amp;lt;HubSpot Login&amp;gt; but was:&amp;lt;title is in correct...&amp;gt;">
      <![CDATA[java.lang.AssertionError: HubSpot Login expected:<HubSpot Login> but was:<title is in correct...>
at com.hubspot.tests.LoginTest.loginPageTitleTest(LoginTest.java:60)
... Removed 29 stack frames]]>
    </failure>
  </testcase> <!-- loginPageTitleTest -->
</testsuite> <!-- hub spot Sanity Test -->
