<?xml version="1.0" encoding="UTF-8"?>
<!-- Generated by org.testng.reporters.JUnitXMLReporter -->
<testsuite hostname="YASUs-MacBook-Pro.local" ignored="0" name="Default test" tests="1" failures="0" timestamp="12 Dec 2019 21:59:03 GMT" time="18.206" errors="0">
  <testcase name="@BeforeMethod setUp" time="0.0" classname="com.hubspot.tests.LoginPFTest">
    <failure type="org.openqa.selenium.WebDriverException" message="unknown error: cannot find Chrome binary
Build info: version: &amp;apos;3.141.59&amp;apos;, revision: &amp;apos;e82be7d358&amp;apos;, time: &amp;apos;2018-11-14T08:17:03&amp;apos;
System info: host: &amp;apos;YASUs-MacBook-Pro.local&amp;apos;, ip: &amp;apos;2604:6000:b782:d700:0:0:0:2%en0&amp;apos;, os.name: &amp;apos;Mac OS X&amp;apos;, os.arch: &amp;apos;x86_64&amp;apos;, os.version: &amp;apos;10.15&amp;apos;, java.version: &amp;apos;1.8.0_231&amp;apos;
Driver info: driver.version: ChromeDriver
remote stacktrace: 0   chromedriver                        0x0000000102bd4e99 chromedriver + 3747481
1   chromedriver                        0x0000000102b694d3 chromedriver + 3306707
2   chromedriver                        0x00000001028f8fef chromedriver + 749551
3   chromedriver                        0x0000000102855f69 chromedriver + 81769
4   chromedriver                        0x0000000102884f97 chromedriver + 274327
5   chromedriver                        0x0000000102882163 chromedriver + 262499
6   chromedriver                        0x000000010285cb0d chromedriver + 109325
7   chromedriver                        0x000000010285daa5 chromedriver + 113317
8   chromedriver                        0x0000000102b97f7f chromedriver + 3497855
9   chromedriver                        0x0000000102ba4b7d chromedriver + 3550077
10  chromedriver                        0x0000000102ba4908 chromedriver + 3549448
11  chromedriver                        0x0000000102b77029 chromedriver + 3362857
12  chromedriver                        0x0000000102ba53d8 chromedriver + 3552216
13  chromedriver                        0x0000000102b8ba37 chromedriver + 3447351
14  chromedriver                        0x0000000102bbaf94 chromedriver + 3641236
15  chromedriver                        0x0000000102bdac87 chromedriver + 3771527
16  libsystem_pthread.dylib             0x00007fff67263d76 _pthread_start + 125
17  libsystem_pthread.dylib             0x00007fff672605d7 thread_start + 15
">
      <![CDATA[org.openqa.selenium.WebDriverException: unknown error: cannot find Chrome binary
Build info: version: '3.141.59', revision: 'e82be7d358', time: '2018-11-14T08:17:03'
System info: host: 'YASUs-MacBook-Pro.local', ip: '2604:6000:b782:d700:0:0:0:2%en0', os.name: 'Mac OS X', os.arch: 'x86_64', os.version: '10.15', java.version: '1.8.0_231'
Driver info: driver.version: ChromeDriver
remote stacktrace: 0   chromedriver                        0x0000000102bd4e99 chromedriver + 3747481
1   chromedriver                        0x0000000102b694d3 chromedriver + 3306707
2   chromedriver                        0x00000001028f8fef chromedriver + 749551
3   chromedriver                        0x0000000102855f69 chromedriver + 81769
4   chromedriver                        0x0000000102884f97 chromedriver + 274327
5   chromedriver                        0x0000000102882163 chromedriver + 262499
6   chromedriver                        0x000000010285cb0d chromedriver + 109325
7   chromedriver                        0x000000010285daa5 chromedriver + 113317
8   chromedriver                        0x0000000102b97f7f chromedriver + 3497855
9   chromedriver                        0x0000000102ba4b7d chromedriver + 3550077
10  chromedriver                        0x0000000102ba4908 chromedriver + 3549448
11  chromedriver                        0x0000000102b77029 chromedriver + 3362857
12  chromedriver                        0x0000000102ba53d8 chromedriver + 3552216
13  chromedriver                        0x0000000102b8ba37 chromedriver + 3447351
14  chromedriver                        0x0000000102bbaf94 chromedriver + 3641236
15  chromedriver                        0x0000000102bdac87 chromedriver + 3771527
16  libsystem_pthread.dylib             0x00007fff67263d76 _pthread_start + 125
17  libsystem_pthread.dylib             0x00007fff672605d7 thread_start + 15

	at sun.reflect.NativeConstructorAccessorImpl.newInstance0(Native Method)
	at sun.reflect.NativeConstructorAccessorImpl.newInstance(NativeConstructorAccessorImpl.java:62)
	at sun.reflect.DelegatingConstructorAccessorImpl.newInstance(DelegatingConstructorAccessorImpl.java:45)
	at java.lang.reflect.Constructor.newInstance(Constructor.java:423)
	at org.openqa.selenium.remote.W3CHandshakeResponse.lambda$errorHandler$0(W3CHandshakeResponse.java:62)
	at org.openqa.selenium.remote.HandshakeResponse.lambda$getResponseFunction$0(HandshakeResponse.java:30)
	at org.openqa.selenium.remote.ProtocolHandshake.lambda$createSession$0(ProtocolHandshake.java:126)
	at java.util.stream.ReferencePipeline$3$1.accept(ReferencePipeline.java:193)
	at java.util.Spliterators$ArraySpliterator.tryAdvance(Spliterators.java:958)
	at java.util.stream.ReferencePipeline.forEachWithCancel(ReferencePipeline.java:126)
	at java.util.stream.AbstractPipeline.copyIntoWithCancel(AbstractPipeline.java:499)
	at java.util.stream.AbstractPipeline.copyInto(AbstractPipeline.java:486)
	at java.util.stream.AbstractPipeline.wrapAndCopyInto(AbstractPipeline.java:472)
	at java.util.stream.FindOps$FindOp.evaluateSequential(FindOps.java:152)
	at java.util.stream.AbstractPipeline.evaluate(AbstractPipeline.java:234)
	at java.util.stream.ReferencePipeline.findFirst(ReferencePipeline.java:464)
	at org.openqa.selenium.remote.ProtocolHandshake.createSession(ProtocolHandshake.java:128)
	at org.openqa.selenium.remote.ProtocolHandshake.createSession(ProtocolHandshake.java:74)
	at org.openqa.selenium.remote.HttpCommandExecutor.execute(HttpCommandExecutor.java:136)
	at org.openqa.selenium.remote.service.DriverCommandExecutor.execute(DriverCommandExecutor.java:83)
	at org.openqa.selenium.remote.RemoteWebDriver.execute(RemoteWebDriver.java:552)
	at org.openqa.selenium.remote.RemoteWebDriver.startSession(RemoteWebDriver.java:213)
	at org.openqa.selenium.remote.RemoteWebDriver.<init>(RemoteWebDriver.java:131)
	at org.openqa.selenium.chrome.ChromeDriver.<init>(ChromeDriver.java:181)
	at org.openqa.selenium.chrome.ChromeDriver.<init>(ChromeDriver.java:168)
	at org.openqa.selenium.chrome.ChromeDriver.<init>(ChromeDriver.java:123)
	at com.hubspot.base.BasePage.initialize_driver(BasePage.java:51)
	at com.hubspot.tests.LoginPFTest.setUp(LoginPFTest.java:24)
	at sun.reflect.NativeMethodAccessorImpl.invoke0(Native Method)
	at sun.reflect.NativeMethodAccessorImpl.invoke(NativeMethodAccessorImpl.java:62)
	at sun.reflect.DelegatingMethodAccessorImpl.invoke(DelegatingMethodAccessorImpl.java:43)
	at java.lang.reflect.Method.invoke(Method.java:498)
	at org.testng.internal.MethodInvocationHelper.invokeMethod(MethodInvocationHelper.java:104)
	at org.testng.internal.Invoker.invokeConfigurationMethod(Invoker.java:515)
	at org.testng.internal.Invoker.invokeConfigurations(Invoker.java:217)
	at org.testng.internal.Invoker.invokeMethod(Invoker.java:590)
	at org.testng.internal.Invoker.invokeTestMethod(Invoker.java:851)
	at org.testng.internal.Invoker.invokeTestMethods(Invoker.java:1177)
	at org.testng.internal.TestMethodWorker.invokeTestMethods(TestMethodWorker.java:129)
	at org.testng.internal.TestMethodWorker.run(TestMethodWorker.java:112)
	at org.testng.TestRunner.privateRun(TestRunner.java:756)
	at org.testng.TestRunner.run(TestRunner.java:610)
	at org.testng.SuiteRunner.runTest(SuiteRunner.java:387)
	at org.testng.SuiteRunner.runSequentially(SuiteRunner.java:382)
	at org.testng.SuiteRunner.privateRun(SuiteRunner.java:340)
	at org.testng.SuiteRunner.run(SuiteRunner.java:289)
	at org.testng.SuiteRunnerWorker.runSuite(SuiteRunnerWorker.java:52)
	at org.testng.SuiteRunnerWorker.run(SuiteRunnerWorker.java:86)
	at org.testng.TestNG.runSuitesSequentially(TestNG.java:1293)
	at org.testng.TestNG.runSuitesLocally(TestNG.java:1218)
	at org.testng.TestNG.runSuites(TestNG.java:1133)
	at org.testng.TestNG.run(TestNG.java:1104)
	at org.testng.remote.AbstractRemoteTestNG.run(AbstractRemoteTestNG.java:132)
	at org.testng.remote.RemoteTestNG.initAndRun(RemoteTestNG.java:236)
	at org.testng.remote.RemoteTestNG.main(RemoteTestNG.java:81)
]]>
    </failure>
  </testcase> <!-- @BeforeMethod setUp -->
  <testcase name="@AfterMethod tearDown" time="0.0" classname="com.hubspot.tests.LoginPFTest">
    <skipped/>
  </testcase> <!-- @AfterMethod tearDown -->
  <testcase name="LoginTest" time="5.007" classname="com.hubspot.tests.LoginPFTest">
    <skipped/>
  </testcase> <!-- LoginTest -->
</testsuite> <!-- Default test -->
